[11:10:35.529] [INFO] storybook v10.1.10
[11:10:36.077] [DEBUG] Getting package.json info for /Users/satyapatel/code/cal.com/apps/storybook/package.json...
[11:10:36.902] [DEBUG] Serving static files from node_modules/@chromatic-com/storybook/assets at /addon-visual-tests-assets
[11:10:36.902] [DEBUG] Serving static files from apps/storybook/public at /
[11:10:36.908] [INFO] Starting...
[11:10:36.932] [WARN] No story files found for the specified pattern: src/**/*.mdx
[11:10:37.040] [DEBUG] Starting preview..
[11:10:37.111] [DEBUG] Using tsconfig paths for react-docgen
[11:10:38.516] [ERROR] Failed to build the preview
[11:10:38.518] [ERROR] [38;2;241;97;97mError: Failed to resolve entry for package "@calcom/ui". The package may have incorrect main/module/exports specified in its package.json: Missing "." specifier in "@calcom/ui" package[39m
    at packageEntryFailure (file:///Users/satyapatel/code/cal.com/node_modules/vite/dist/node/chunks/dep-DyBnyoVI.js:46574:15)
    at resolvePackageEntry (file:///Users/satyapatel/code/cal.com/node_modules/vite/dist/node/chunks/dep-DyBnyoVI.js:46569:5)
    at tryNodeResolve (file:///Users/satyapatel/code/cal.com/node_modules/vite/dist/node/chunks/dep-DyBnyoVI.js:46387:16)
    at ResolveIdContext.resolveId (file:///Users/satyapatel/code/cal.com/node_modules/vite/dist/node/chunks/dep-DyBnyoVI.js:46137:19)
    at PluginContainer.resolveId (file:///Users/satyapatel/code/cal.com/node_modules/vite/dist/node/chunks/dep-DyBnyoVI.js:48952:17)
    at async file:///Users/satyapatel/code/cal.com/node_modules/vite/dist/node/chunks/dep-DyBnyoVI.js:66208:15
    at async file:///Users/satyapatel/code/cal.com/node_modules/vite/dist/node/chunks/dep-DyBnyoVI.js:49867:14
    at async addManuallyIncludedOptimizeDeps (file:///Users/satyapatel/code/cal.com/node_modules/vite/dist/node/chunks/dep-DyBnyoVI.js:50918:23)
    at async createDepsOptimizer (file:///Users/satyapatel/code/cal.com/node_modules/vite/dist/node/chunks/dep-DyBnyoVI.js:50086:5)
    at async initDepsOptimizer (file:///Users/satyapatel/code/cal.com/node_modules/vite/dist/node/chunks/dep-DyBnyoVI.js:49981:5)
[11:10:38.520] [WARN] Broken build, fix the error above.
You may need to refresh the browser.